<?xml version="1.0" encoding="UTF-8"?>
<!-- Generated by org.testng.reporters.JUnitReportReporter -->
<testsuite hostname="HemuPC" failures="0" tests="3" name="package1.ChromeTestWithWebDriverManager" time="6.802" errors="0" timestamp="2024-01-15T23:41:36 IST" skipped="0">
  <testcase classname="package1.ChromeTestWithWebDriverManager" name="checkTheUrl2" time="1.349"/>
  <system-out/>
  <testcase classname="package1.ChromeTestWithWebDriverManager" name="checkTheUrl3" time="1.821"/>
  <system-out/>
  <testcase classname="package1.ChromeTestWithWebDriverManager" name="checkTheUrl" time="3.632"/>
  <system-out/>
</testsuite> <!-- package1.ChromeTestWithWebDriverManager -->
